<?xml version="1.0" encoding="UTF-8"?>
<testsuite name="expression.ExpressionTest" tests="1" skipped="0" failures="0" errors="0" timestamp="2023-03-17T16:09:27" hostname="omgronny" time="1.236">
  <properties/>
  <testcase name="all()" classname="expression.ExpressionTest" time="1.236"/>
  <system-out><![CDATA[]]></system-out>
  <system-err><![CDATA[]]></system-err>
</testsuite>
